campus_swap/build/app/intermediates/manifest_merge_blame_file/debug/processDebugMainManifest/manifest-merger-blame-debug-report.txt
1<?xml version="1.0" encoding="utf-8"?>
2<manifest xmlns:android="http://schemas.android.com/apk/res/android"
3    package="com.example.campus_swap"
4    android:versionCode="1"
5    android:versionName="1.0.0" >
6
7    <uses-sdk
8        android:minSdkVersion="24"
9        android:targetSdkVersion="34" />
10
11    <uses-permission
11-->src\main\AndroidManifest.xml:27:5-106
12        android:name="android.permission.READ_EXTERNAL_STORAGE"
12-->src\main\AndroidManifest.xml:27:22-77
13        android:maxSdkVersion="32" />
13-->src\main\AndroidManifest.xml:27:78-104
14    <uses-permission android:name="android.permission.READ_MEDIA_IMAGES" />
14-->src\main\AndroidManifest.xml:28:5-75
14-->src\main\AndroidManifest.xml:28:22-73
15
16    <application
17        android:name="android.app.Application"
17-->src\main\AndroidManifest.xml:4:9-42
18        android:debuggable="true"
19        android:extractNativeLibs="false"
20        android:icon="@mipmap/ic_launcher"
20-->src\main\AndroidManifest.xml:5:9-43
21        android:label="Campus Swap" >
21-->src\main\AndroidManifest.xml:3:9-36
22        <activity
22-->src\main\AndroidManifest.xml:6:9-22:20
23            android:name="com.example.campus_swap.MainActivity"
23-->src\main\AndroidManifest.xml:7:13-41
24            android:configChanges="orientation|keyboardHidden|keyboard|screenSize|smallestScreenSize|locale|layoutDirection|fontScale|screenLayout|density|uiMode"
24-->src\main\AndroidManifest.xml:11:13-163
25            android:exported="true"
25-->src\main\AndroidManifest.xml:8:13-36
26            android:hardwareAccelerated="true"
26-->src\main\AndroidManifest.xml:12:13-47
27            android:launchMode="singleTop"
27-->src\main\AndroidManifest.xml:9:13-43
28            android:theme="@style/LaunchTheme"
28-->src\main\AndroidManifest.xml:10:13-47
29            android:windowSoftInputMode="adjustResize" >
29-->src\main\AndroidManifest.xml:13:13-55
30            <meta-data
30-->src\main\AndroidManifest.xml:14:13-17:17
31                android:name="io.flutter.embedding.android.NormalTheme"
31-->src\main\AndroidManifest.xml:15:15-70
32                android:resource="@style/NormalTheme" />
32-->src\main\AndroidManifest.xml:16:15-52
33
34            <intent-filter>
34-->src\main\AndroidManifest.xml:18:13-21:29
35                <action android:name="android.intent.action.MAIN" />
35-->src\main\AndroidManifest.xml:19:17-68
35-->src\main\AndroidManifest.xml:19:25-66
36
37                <category android:name="android.intent.category.LAUNCHER" />
37-->src\main\AndroidManifest.xml:20:17-76
37-->src\main\AndroidManifest.xml:20:27-74
38            </intent-filter>
39        </activity>
40
41        <meta-data
41-->src\main\AndroidManifest.xml:23:9-25:33
42            android:name="flutterEmbedding"
42-->src\main\AndroidManifest.xml:24:13-44
43            android:value="2" />
43-->src\main\AndroidManifest.xml:25:13-30
44    </application>
45
46</manifest>